Loaded successfully lbsn artefacts <== Florence_lbsn.hdf5
Detected script configuration for synthetic preference estimation protocol:
N=1628 [users] and J=345 [items] where the most popular item p=0.0391 and the most niche item p=0.0006

HYPERPARAMETERS SEARCH

recall=0.3398  params={name=POP}  |  best_recall=0.3398  best_params={name=POP}
Search for pop DONE. recall=0.3398 params={name=POP}
--------------------
recall@10=0.3384 +/- 0.2777
recall@20=0.4765 +/- 0.3032
recall@30=0.5451 +/- 0.3021

recall=0.2809  params={beta= 0.5000}  |  best_recall=0.2809  best_params={beta= 0.5000}
recall=0.2895  params={beta= 0.5526}  |  best_recall=0.2895  best_params={beta= 0.5526}
recall=0.3013  params={beta= 0.6053}  |  best_recall=0.3013  best_params={beta= 0.6053}
recall=0.3038  params={beta= 0.6579}  |  best_recall=0.3038  best_params={beta= 0.6579}
recall=0.3066  params={beta= 0.7105}  |  best_recall=0.3066  best_params={beta= 0.7105}
recall=0.3131  params={beta= 0.7632}  |  best_recall=0.3131  best_params={beta= 0.7632}
recall=0.3215  params={beta= 0.8158}  |  best_recall=0.3215  best_params={beta= 0.8158}
recall=0.3232  params={beta= 0.8684}  |  best_recall=0.3232  best_params={beta= 0.8684}
recall=0.3280  params={beta= 0.9211}  |  best_recall=0.3280  best_params={beta= 0.9211}
recall=0.3338  params={beta= 0.9737}  |  best_recall=0.3338  best_params={beta= 0.9737}
recall=0.3352  params={beta= 1.0263}  |  best_recall=0.3352  best_params={beta= 1.0263}
recall=0.3370  params={beta= 1.0789}  |  best_recall=0.3370  best_params={beta= 1.0789}
recall=0.3352  params={beta= 1.1316}  |  best_recall=0.3370  best_params={beta= 1.0789}
recall=0.3357  params={beta= 1.1842}  |  best_recall=0.3370  best_params={beta= 1.0789}
recall=0.3367  params={beta= 1.2368}  |  best_recall=0.3370  best_params={beta= 1.0789}
recall=0.3401  params={beta= 1.2895}  |  best_recall=0.3401  best_params={beta= 1.2895}
recall=0.3421  params={beta= 1.3421}  |  best_recall=0.3421  best_params={beta= 1.3421}
recall=0.3444  params={beta= 1.3947}  |  best_recall=0.3444  best_params={beta= 1.3947}
recall=0.3447  params={beta= 1.4474}  |  best_recall=0.3447  best_params={beta= 1.4474}
recall=0.3458  params={beta= 1.5000}  |  best_recall=0.3458  best_params={beta= 1.5000}
Search for vae DONE. recall=0.3458 params={beta= 1.5000}
--------------------
recall@10=0.3445 +/- 0.2809
recall@20=0.4795 +/- 0.3047
recall@30=0.5569 +/- 0.3030

recall=0.1113  params={lambda_u= 0.0100 b= 0.0001 lambda_v= 0.0100}  |  best_recall=0.1113  best_params={lambda_u= 0.0100 b= 0.0001 lambda_v= 0.0100}
recall=0.1407  params={lambda_u= 0.0100 b= 0.0003 lambda_v= 0.0100}  |  best_recall=0.1407  best_params={lambda_u= 0.0100 b= 0.0003 lambda_v= 0.0100}
recall=0.1711  params={lambda_u= 0.0100 b= 0.0008 lambda_v= 0.0100}  |  best_recall=0.1711  best_params={lambda_u= 0.0100 b= 0.0008 lambda_v= 0.0100}
recall=0.1678  params={lambda_u= 0.0100 b= 0.0022 lambda_v= 0.0100}  |  best_recall=0.1711  best_params={lambda_u= 0.0100 b= 0.0008 lambda_v= 0.0100}
recall=0.1573  params={lambda_u= 0.0100 b= 0.0060 lambda_v= 0.0100}  |  best_recall=0.1711  best_params={lambda_u= 0.0100 b= 0.0008 lambda_v= 0.0100}
recall=0.1544  params={lambda_u= 0.0100 b= 0.0167 lambda_v= 0.0100}  |  best_recall=0.1711  best_params={lambda_u= 0.0100 b= 0.0008 lambda_v= 0.0100}
recall=0.1499  params={lambda_u= 0.0100 b= 0.0464 lambda_v= 0.0100}  |  best_recall=0.1711  best_params={lambda_u= 0.0100 b= 0.0008 lambda_v= 0.0100}
recall=0.1453  params={lambda_u= 0.0100 b= 0.1292 lambda_v= 0.0100}  |  best_recall=0.1711  best_params={lambda_u= 0.0100 b= 0.0008 lambda_v= 0.0100}
recall=0.1175  params={lambda_u= 0.0100 b= 0.3594 lambda_v= 0.0100}  |  best_recall=0.1711  best_params={lambda_u= 0.0100 b= 0.0008 lambda_v= 0.0100}
recall=0.0752  params={lambda_u= 0.0100 b= 1.0000 lambda_v= 0.0100}  |  best_recall=0.1711  best_params={lambda_u= 0.0100 b= 0.0008 lambda_v= 0.0100}
recall=0.1558  params={lambda_u= 0.0278 b= 0.0001 lambda_v= 0.0278}  |  best_recall=0.1711  best_params={lambda_u= 0.0100 b= 0.0008 lambda_v= 0.0100}
recall=0.1723  params={lambda_u= 0.0278 b= 0.0003 lambda_v= 0.0278}  |  best_recall=0.1723  best_params={lambda_u= 0.0278 b= 0.0003 lambda_v= 0.0278}
recall=0.1842  params={lambda_u= 0.0278 b= 0.0008 lambda_v= 0.0278}  |  best_recall=0.1842  best_params={lambda_u= 0.0278 b= 0.0008 lambda_v= 0.0278}
recall=0.1752  params={lambda_u= 0.0278 b= 0.0022 lambda_v= 0.0278}  |  best_recall=0.1842  best_params={lambda_u= 0.0278 b= 0.0008 lambda_v= 0.0278}
recall=0.1616  params={lambda_u= 0.0278 b= 0.0060 lambda_v= 0.0278}  |  best_recall=0.1842  best_params={lambda_u= 0.0278 b= 0.0008 lambda_v= 0.0278}
recall=0.1573  params={lambda_u= 0.0278 b= 0.0167 lambda_v= 0.0278}  |  best_recall=0.1842  best_params={lambda_u= 0.0278 b= 0.0008 lambda_v= 0.0278}
recall=0.1504  params={lambda_u= 0.0278 b= 0.0464 lambda_v= 0.0278}  |  best_recall=0.1842  best_params={lambda_u= 0.0278 b= 0.0008 lambda_v= 0.0278}
recall=0.1440  params={lambda_u= 0.0278 b= 0.1292 lambda_v= 0.0278}  |  best_recall=0.1842  best_params={lambda_u= 0.0278 b= 0.0008 lambda_v= 0.0278}
recall=0.1173  params={lambda_u= 0.0278 b= 0.3594 lambda_v= 0.0278}  |  best_recall=0.1842  best_params={lambda_u= 0.0278 b= 0.0008 lambda_v= 0.0278}
recall=0.0752  params={lambda_u= 0.0278 b= 1.0000 lambda_v= 0.0278}  |  best_recall=0.1842  best_params={lambda_u= 0.0278 b= 0.0008 lambda_v= 0.0278}
recall=0.1963  params={lambda_u= 0.0774 b= 0.0001 lambda_v= 0.0774}  |  best_recall=0.1963  best_params={lambda_u= 0.0774 b= 0.0001 lambda_v= 0.0774}
recall=0.2041  params={lambda_u= 0.0774 b= 0.0003 lambda_v= 0.0774}  |  best_recall=0.2041  best_params={lambda_u= 0.0774 b= 0.0003 lambda_v= 0.0774}
recall=0.2074  params={lambda_u= 0.0774 b= 0.0008 lambda_v= 0.0774}  |  best_recall=0.2074  best_params={lambda_u= 0.0774 b= 0.0008 lambda_v= 0.0774}
recall=0.1986  params={lambda_u= 0.0774 b= 0.0022 lambda_v= 0.0774}  |  best_recall=0.2074  best_params={lambda_u= 0.0774 b= 0.0008 lambda_v= 0.0774}
recall=0.1752  params={lambda_u= 0.0774 b= 0.0060 lambda_v= 0.0774}  |  best_recall=0.2074  best_params={lambda_u= 0.0774 b= 0.0008 lambda_v= 0.0774}
recall=0.1670  params={lambda_u= 0.0774 b= 0.0167 lambda_v= 0.0774}  |  best_recall=0.2074  best_params={lambda_u= 0.0774 b= 0.0008 lambda_v= 0.0774}
recall=0.1531  params={lambda_u= 0.0774 b= 0.0464 lambda_v= 0.0774}  |  best_recall=0.2074  best_params={lambda_u= 0.0774 b= 0.0008 lambda_v= 0.0774}
recall=0.1462  params={lambda_u= 0.0774 b= 0.1292 lambda_v= 0.0774}  |  best_recall=0.2074  best_params={lambda_u= 0.0774 b= 0.0008 lambda_v= 0.0774}
recall=0.1178  params={lambda_u= 0.0774 b= 0.3594 lambda_v= 0.0774}  |  best_recall=0.2074  best_params={lambda_u= 0.0774 b= 0.0008 lambda_v= 0.0774}
recall=0.0765  params={lambda_u= 0.0774 b= 1.0000 lambda_v= 0.0774}  |  best_recall=0.2074  best_params={lambda_u= 0.0774 b= 0.0008 lambda_v= 0.0774}
recall=0.2470  params={lambda_u= 0.2154 b= 0.0001 lambda_v= 0.2154}  |  best_recall=0.2470  best_params={lambda_u= 0.2154 b= 0.0001 lambda_v= 0.2154}
recall=0.2261  params={lambda_u= 0.2154 b= 0.0003 lambda_v= 0.2154}  |  best_recall=0.2470  best_params={lambda_u= 0.2154 b= 0.0001 lambda_v= 0.2154}
recall=0.2337  params={lambda_u= 0.2154 b= 0.0008 lambda_v= 0.2154}  |  best_recall=0.2470  best_params={lambda_u= 0.2154 b= 0.0001 lambda_v= 0.2154}
recall=0.2405  params={lambda_u= 0.2154 b= 0.0022 lambda_v= 0.2154}  |  best_recall=0.2470  best_params={lambda_u= 0.2154 b= 0.0001 lambda_v= 0.2154}
recall=0.2072  params={lambda_u= 0.2154 b= 0.0060 lambda_v= 0.2154}  |  best_recall=0.2470  best_params={lambda_u= 0.2154 b= 0.0001 lambda_v= 0.2154}
recall=0.1818  params={lambda_u= 0.2154 b= 0.0167 lambda_v= 0.2154}  |  best_recall=0.2470  best_params={lambda_u= 0.2154 b= 0.0001 lambda_v= 0.2154}
recall=0.1590  params={lambda_u= 0.2154 b= 0.0464 lambda_v= 0.2154}  |  best_recall=0.2470  best_params={lambda_u= 0.2154 b= 0.0001 lambda_v= 0.2154}
recall=0.1506  params={lambda_u= 0.2154 b= 0.1292 lambda_v= 0.2154}  |  best_recall=0.2470  best_params={lambda_u= 0.2154 b= 0.0001 lambda_v= 0.2154}
recall=0.1191  params={lambda_u= 0.2154 b= 0.3594 lambda_v= 0.2154}  |  best_recall=0.2470  best_params={lambda_u= 0.2154 b= 0.0001 lambda_v= 0.2154}
recall=0.0754  params={lambda_u= 0.2154 b= 1.0000 lambda_v= 0.2154}  |  best_recall=0.2470  best_params={lambda_u= 0.2154 b= 0.0001 lambda_v= 0.2154}
recall=0.3062  params={lambda_u= 0.5995 b= 0.0001 lambda_v= 0.5995}  |  best_recall=0.3062  best_params={lambda_u= 0.5995 b= 0.0001 lambda_v= 0.5995}
recall=0.3012  params={lambda_u= 0.5995 b= 0.0003 lambda_v= 0.5995}  |  best_recall=0.3062  best_params={lambda_u= 0.5995 b= 0.0001 lambda_v= 0.5995}
recall=0.2851  params={lambda_u= 0.5995 b= 0.0008 lambda_v= 0.5995}  |  best_recall=0.3062  best_params={lambda_u= 0.5995 b= 0.0001 lambda_v= 0.5995}
recall=0.2805  params={lambda_u= 0.5995 b= 0.0022 lambda_v= 0.5995}  |  best_recall=0.3062  best_params={lambda_u= 0.5995 b= 0.0001 lambda_v= 0.5995}
recall=0.2713  params={lambda_u= 0.5995 b= 0.0060 lambda_v= 0.5995}  |  best_recall=0.3062  best_params={lambda_u= 0.5995 b= 0.0001 lambda_v= 0.5995}
recall=0.2204  params={lambda_u= 0.5995 b= 0.0167 lambda_v= 0.5995}  |  best_recall=0.3062  best_params={lambda_u= 0.5995 b= 0.0001 lambda_v= 0.5995}
recall=0.1775  params={lambda_u= 0.5995 b= 0.0464 lambda_v= 0.5995}  |  best_recall=0.3062  best_params={lambda_u= 0.5995 b= 0.0001 lambda_v= 0.5995}
recall=0.1539  params={lambda_u= 0.5995 b= 0.1292 lambda_v= 0.5995}  |  best_recall=0.3062  best_params={lambda_u= 0.5995 b= 0.0001 lambda_v= 0.5995}
recall=0.1202  params={lambda_u= 0.5995 b= 0.3594 lambda_v= 0.5995}  |  best_recall=0.3062  best_params={lambda_u= 0.5995 b= 0.0001 lambda_v= 0.5995}
recall=0.0753  params={lambda_u= 0.5995 b= 1.0000 lambda_v= 0.5995}  |  best_recall=0.3062  best_params={lambda_u= 0.5995 b= 0.0001 lambda_v= 0.5995}
recall=0.3292  params={lambda_u= 1.6681 b= 0.0001 lambda_v= 1.6681}  |  best_recall=0.3292  best_params={lambda_u= 1.6681 b= 0.0001 lambda_v= 1.6681}
recall=0.3288  params={lambda_u= 1.6681 b= 0.0003 lambda_v= 1.6681}  |  best_recall=0.3292  best_params={lambda_u= 1.6681 b= 0.0001 lambda_v= 1.6681}
recall=0.3287  params={lambda_u= 1.6681 b= 0.0008 lambda_v= 1.6681}  |  best_recall=0.3292  best_params={lambda_u= 1.6681 b= 0.0001 lambda_v= 1.6681}
recall=0.3373  params={lambda_u= 1.6681 b= 0.0022 lambda_v= 1.6681}  |  best_recall=0.3373  best_params={lambda_u= 1.6681 b= 0.0022 lambda_v= 1.6681}
recall=0.3256  params={lambda_u= 1.6681 b= 0.0060 lambda_v= 1.6681}  |  best_recall=0.3373  best_params={lambda_u= 1.6681 b= 0.0022 lambda_v= 1.6681}
recall=0.3011  params={lambda_u= 1.6681 b= 0.0167 lambda_v= 1.6681}  |  best_recall=0.3373  best_params={lambda_u= 1.6681 b= 0.0022 lambda_v= 1.6681}
recall=0.2390  params={lambda_u= 1.6681 b= 0.0464 lambda_v= 1.6681}  |  best_recall=0.3373  best_params={lambda_u= 1.6681 b= 0.0022 lambda_v= 1.6681}
recall=0.1846  params={lambda_u= 1.6681 b= 0.1292 lambda_v= 1.6681}  |  best_recall=0.3373  best_params={lambda_u= 1.6681 b= 0.0022 lambda_v= 1.6681}
recall=0.1291  params={lambda_u= 1.6681 b= 0.3594 lambda_v= 1.6681}  |  best_recall=0.3373  best_params={lambda_u= 1.6681 b= 0.0022 lambda_v= 1.6681}
recall=0.0822  params={lambda_u= 1.6681 b= 1.0000 lambda_v= 1.6681}  |  best_recall=0.3373  best_params={lambda_u= 1.6681 b= 0.0022 lambda_v= 1.6681}
recall=0.3395  params={lambda_u= 4.6416 b= 0.0001 lambda_v= 4.6416}  |  best_recall=0.3395  best_params={lambda_u= 4.6416 b= 0.0001 lambda_v= 4.6416}
recall=0.3395  params={lambda_u= 4.6416 b= 0.0003 lambda_v= 4.6416}  |  best_recall=0.3395  best_params={lambda_u= 4.6416 b= 0.0001 lambda_v= 4.6416}
recall=0.3390  params={lambda_u= 4.6416 b= 0.0008 lambda_v= 4.6416}  |  best_recall=0.3395  best_params={lambda_u= 4.6416 b= 0.0001 lambda_v= 4.6416}
recall=0.3393  params={lambda_u= 4.6416 b= 0.0022 lambda_v= 4.6416}  |  best_recall=0.3395  best_params={lambda_u= 4.6416 b= 0.0001 lambda_v= 4.6416}
recall=0.3400  params={lambda_u= 4.6416 b= 0.0060 lambda_v= 4.6416}  |  best_recall=0.3400  best_params={lambda_u= 4.6416 b= 0.0060 lambda_v= 4.6416}
recall=0.3393  params={lambda_u= 4.6416 b= 0.0167 lambda_v= 4.6416}  |  best_recall=0.3400  best_params={lambda_u= 4.6416 b= 0.0060 lambda_v= 4.6416}
recall=0.3351  params={lambda_u= 4.6416 b= 0.0464 lambda_v= 4.6416}  |  best_recall=0.3400  best_params={lambda_u= 4.6416 b= 0.0060 lambda_v= 4.6416}
recall=0.2876  params={lambda_u= 4.6416 b= 0.1292 lambda_v= 4.6416}  |  best_recall=0.3400  best_params={lambda_u= 4.6416 b= 0.0060 lambda_v= 4.6416}
recall=0.2053  params={lambda_u= 4.6416 b= 0.3594 lambda_v= 4.6416}  |  best_recall=0.3400  best_params={lambda_u= 4.6416 b= 0.0060 lambda_v= 4.6416}
recall=0.1276  params={lambda_u= 4.6416 b= 1.0000 lambda_v= 4.6416}  |  best_recall=0.3400  best_params={lambda_u= 4.6416 b= 0.0060 lambda_v= 4.6416}
recall=0.3398  params={lambda_u=12.9155 b= 0.0001 lambda_v=12.9155}  |  best_recall=0.3400  best_params={lambda_u= 4.6416 b= 0.0060 lambda_v= 4.6416}
recall=0.3398  params={lambda_u=12.9155 b= 0.0003 lambda_v=12.9155}  |  best_recall=0.3400  best_params={lambda_u= 4.6416 b= 0.0060 lambda_v= 4.6416}
recall=0.3398  params={lambda_u=12.9155 b= 0.0008 lambda_v=12.9155}  |  best_recall=0.3400  best_params={lambda_u= 4.6416 b= 0.0060 lambda_v= 4.6416}
recall=0.3398  params={lambda_u=12.9155 b= 0.0022 lambda_v=12.9155}  |  best_recall=0.3400  best_params={lambda_u= 4.6416 b= 0.0060 lambda_v= 4.6416}
recall=0.3398  params={lambda_u=12.9155 b= 0.0060 lambda_v=12.9155}  |  best_recall=0.3400  best_params={lambda_u= 4.6416 b= 0.0060 lambda_v= 4.6416}
recall=0.3398  params={lambda_u=12.9155 b= 0.0167 lambda_v=12.9155}  |  best_recall=0.3400  best_params={lambda_u= 4.6416 b= 0.0060 lambda_v= 4.6416}
recall=0.3401  params={lambda_u=12.9155 b= 0.0464 lambda_v=12.9155}  |  best_recall=0.3401  best_params={lambda_u=12.9155 b= 0.0464 lambda_v=12.9155}
recall=0.3401  params={lambda_u=12.9155 b= 0.1292 lambda_v=12.9155}  |  best_recall=0.3401  best_params={lambda_u=12.9155 b= 0.0464 lambda_v=12.9155}
recall=0.3406  params={lambda_u=12.9155 b= 0.3594 lambda_v=12.9155}  |  best_recall=0.3406  best_params={lambda_u=12.9155 b= 0.3594 lambda_v=12.9155}
recall=0.3383  params={lambda_u=12.9155 b= 1.0000 lambda_v=12.9155}  |  best_recall=0.3406  best_params={lambda_u=12.9155 b= 0.3594 lambda_v=12.9155}
recall=0.0321  params={lambda_u=35.9381 b= 0.0001 lambda_v=35.9381}  |  best_recall=0.3406  best_params={lambda_u=12.9155 b= 0.3594 lambda_v=12.9155}
recall=0.0342  params={lambda_u=35.9381 b= 0.0003 lambda_v=35.9381}  |  best_recall=0.3406  best_params={lambda_u=12.9155 b= 0.3594 lambda_v=12.9155}
recall=0.0297  params={lambda_u=35.9381 b= 0.0008 lambda_v=35.9381}  |  best_recall=0.3406  best_params={lambda_u=12.9155 b= 0.3594 lambda_v=12.9155}
recall=0.0247  params={lambda_u=35.9381 b= 0.0022 lambda_v=35.9381}  |  best_recall=0.3406  best_params={lambda_u=12.9155 b= 0.3594 lambda_v=12.9155}
recall=0.0294  params={lambda_u=35.9381 b= 0.0060 lambda_v=35.9381}  |  best_recall=0.3406  best_params={lambda_u=12.9155 b= 0.3594 lambda_v=12.9155}
recall=0.0326  params={lambda_u=35.9381 b= 0.0167 lambda_v=35.9381}  |  best_recall=0.3406  best_params={lambda_u=12.9155 b= 0.3594 lambda_v=12.9155}
recall=0.0247  params={lambda_u=35.9381 b= 0.0464 lambda_v=35.9381}  |  best_recall=0.3406  best_params={lambda_u=12.9155 b= 0.3594 lambda_v=12.9155}
recall=0.0265  params={lambda_u=35.9381 b= 0.1292 lambda_v=35.9381}  |  best_recall=0.3406  best_params={lambda_u=12.9155 b= 0.3594 lambda_v=12.9155}
recall=0.0396  params={lambda_u=35.9381 b= 0.3594 lambda_v=35.9381}  |  best_recall=0.3406  best_params={lambda_u=12.9155 b= 0.3594 lambda_v=12.9155}
recall=0.0390  params={lambda_u=35.9381 b= 1.0000 lambda_v=35.9381}  |  best_recall=0.3406  best_params={lambda_u=12.9155 b= 0.3594 lambda_v=12.9155}
recall=0.0345  params={lambda_u=100.0000 b= 0.0001 lambda_v=100.0000}  |  best_recall=0.3406  best_params={lambda_u=12.9155 b= 0.3594 lambda_v=12.9155}
recall=0.0276  params={lambda_u=100.0000 b= 0.0003 lambda_v=100.0000}  |  best_recall=0.3406  best_params={lambda_u=12.9155 b= 0.3594 lambda_v=12.9155}
recall=0.0376  params={lambda_u=100.0000 b= 0.0008 lambda_v=100.0000}  |  best_recall=0.3406  best_params={lambda_u=12.9155 b= 0.3594 lambda_v=12.9155}
recall=0.0332  params={lambda_u=100.0000 b= 0.0022 lambda_v=100.0000}  |  best_recall=0.3406  best_params={lambda_u=12.9155 b= 0.3594 lambda_v=12.9155}
recall=0.0385  params={lambda_u=100.0000 b= 0.0060 lambda_v=100.0000}  |  best_recall=0.3406  best_params={lambda_u=12.9155 b= 0.3594 lambda_v=12.9155}
recall=0.0248  params={lambda_u=100.0000 b= 0.0167 lambda_v=100.0000}  |  best_recall=0.3406  best_params={lambda_u=12.9155 b= 0.3594 lambda_v=12.9155}
recall=0.0372  params={lambda_u=100.0000 b= 0.0464 lambda_v=100.0000}  |  best_recall=0.3406  best_params={lambda_u=12.9155 b= 0.3594 lambda_v=12.9155}
recall=0.0354  params={lambda_u=100.0000 b= 0.1292 lambda_v=100.0000}  |  best_recall=0.3406  best_params={lambda_u=12.9155 b= 0.3594 lambda_v=12.9155}
recall=0.0288  params={lambda_u=100.0000 b= 0.3594 lambda_v=100.0000}  |  best_recall=0.3406  best_params={lambda_u=12.9155 b= 0.3594 lambda_v=12.9155}
recall=0.0366  params={lambda_u=100.0000 b= 1.0000 lambda_v=100.0000}  |  best_recall=0.3406  best_params={lambda_u=12.9155 b= 0.3594 lambda_v=12.9155}
Search for wmf DONE. recall=0.3406 params={lambda_u=12.9155 b= 0.3594 lambda_v=12.9155}
--------------------
recall@10=0.3390 +/- 0.2768
recall@20=0.4768 +/- 0.3037
recall@30=0.5458 +/- 0.3012

recall=0.1643  params={lambda_reg= 0.0001}  |  best_recall=0.1643  best_params={lambda_reg= 0.0001}
recall=0.1658  params={lambda_reg= 0.0002}  |  best_recall=0.1658  best_params={lambda_reg= 0.0002}
recall=0.1686  params={lambda_reg= 0.0003}  |  best_recall=0.1686  best_params={lambda_reg= 0.0003}
recall=0.1728  params={lambda_reg= 0.0004}  |  best_recall=0.1728  best_params={lambda_reg= 0.0004}
recall=0.1808  params={lambda_reg= 0.0007}  |  best_recall=0.1808  best_params={lambda_reg= 0.0007}
recall=0.1887  params={lambda_reg= 0.0011}  |  best_recall=0.1887  best_params={lambda_reg= 0.0011}
recall=0.2026  params={lambda_reg= 0.0018}  |  best_recall=0.2026  best_params={lambda_reg= 0.0018}
recall=0.2204  params={lambda_reg= 0.0030}  |  best_recall=0.2204  best_params={lambda_reg= 0.0030}
recall=0.2425  params={lambda_reg= 0.0048}  |  best_recall=0.2425  best_params={lambda_reg= 0.0048}
recall=0.2611  params={lambda_reg= 0.0078}  |  best_recall=0.2611  best_params={lambda_reg= 0.0078}
recall=0.2810  params={lambda_reg= 0.0127}  |  best_recall=0.2810  best_params={lambda_reg= 0.0127}
recall=0.3002  params={lambda_reg= 0.0207}  |  best_recall=0.3002  best_params={lambda_reg= 0.0207}
recall=0.3131  params={lambda_reg= 0.0336}  |  best_recall=0.3131  best_params={lambda_reg= 0.0336}
recall=0.3222  params={lambda_reg= 0.0546}  |  best_recall=0.3222  best_params={lambda_reg= 0.0546}
recall=0.3317  params={lambda_reg= 0.0886}  |  best_recall=0.3317  best_params={lambda_reg= 0.0886}
recall=0.3376  params={lambda_reg= 0.1438}  |  best_recall=0.3376  best_params={lambda_reg= 0.1438}
recall=0.3369  params={lambda_reg= 0.2336}  |  best_recall=0.3376  best_params={lambda_reg= 0.1438}
recall=0.3371  params={lambda_reg= 0.3793}  |  best_recall=0.3376  best_params={lambda_reg= 0.1438}
recall=0.3277  params={lambda_reg= 0.6158}  |  best_recall=0.3376  best_params={lambda_reg= 0.1438}
recall=0.1893  params={lambda_reg= 1.0000}  |  best_recall=0.3376  best_params={lambda_reg= 0.1438}
Search for bpr DONE. recall=0.3376 params={lambda_reg= 0.1438}
--------------------
recall@10=0.3359 +/- 0.2774
recall@20=0.4759 +/- 0.3056
recall@30=0.5446 +/- 0.3064

recall=0.2539  params={lambda_reg= 0.0001}  |  best_recall=0.2539  best_params={lambda_reg= 0.0001}
recall=0.2564  params={lambda_reg= 0.0002}  |  best_recall=0.2564  best_params={lambda_reg= 0.0002}
recall=0.2573  params={lambda_reg= 0.0003}  |  best_recall=0.2573  best_params={lambda_reg= 0.0003}
recall=0.2560  params={lambda_reg= 0.0004}  |  best_recall=0.2573  best_params={lambda_reg= 0.0003}
recall=0.2595  params={lambda_reg= 0.0007}  |  best_recall=0.2595  best_params={lambda_reg= 0.0007}
recall=0.2588  params={lambda_reg= 0.0011}  |  best_recall=0.2595  best_params={lambda_reg= 0.0007}
recall=0.2634  params={lambda_reg= 0.0018}  |  best_recall=0.2634  best_params={lambda_reg= 0.0018}
recall=0.2703  params={lambda_reg= 0.0030}  |  best_recall=0.2703  best_params={lambda_reg= 0.0030}
recall=0.2791  params={lambda_reg= 0.0048}  |  best_recall=0.2791  best_params={lambda_reg= 0.0048}
recall=0.2912  params={lambda_reg= 0.0078}  |  best_recall=0.2912  best_params={lambda_reg= 0.0078}
recall=0.2991  params={lambda_reg= 0.0127}  |  best_recall=0.2991  best_params={lambda_reg= 0.0127}
recall=0.3077  params={lambda_reg= 0.0207}  |  best_recall=0.3077  best_params={lambda_reg= 0.0207}
recall=0.3163  params={lambda_reg= 0.0336}  |  best_recall=0.3163  best_params={lambda_reg= 0.0336}
recall=0.3219  params={lambda_reg= 0.0546}  |  best_recall=0.3219  best_params={lambda_reg= 0.0546}
recall=0.3175  params={lambda_reg= 0.0886}  |  best_recall=0.3219  best_params={lambda_reg= 0.0546}
recall=0.2873  params={lambda_reg= 0.1438}  |  best_recall=0.3219  best_params={lambda_reg= 0.0546}
recall=0.2714  params={lambda_reg= 0.2336}  |  best_recall=0.3219  best_params={lambda_reg= 0.0546}
recall=0.2671  params={lambda_reg= 0.3793}  |  best_recall=0.3219  best_params={lambda_reg= 0.0546}
recall=0.2685  params={lambda_reg= 0.6158}  |  best_recall=0.3219  best_params={lambda_reg= 0.0546}
recall=0.2684  params={lambda_reg= 1.0000}  |  best_recall=0.3219  best_params={lambda_reg= 0.0546}
Search for ngcf DONE. recall=0.3219 params={lambda_reg= 0.0546}
--------------------
recall@10=0.3208 +/- 0.2798
recall@20=0.4628 +/- 0.3082
recall@30=0.5490 +/- 0.3097

recall=0.3268  params={lamb=100.0000}  |  best_recall=0.3268  best_params={lamb=100.0000}
recall=0.3277  params={lamb=111.5240}  |  best_recall=0.3277  best_params={lamb=111.5240}
recall=0.3296  params={lamb=124.3761}  |  best_recall=0.3296  best_params={lamb=124.3761}
recall=0.3307  params={lamb=138.7092}  |  best_recall=0.3307  best_params={lamb=138.7092}
recall=0.3318  params={lamb=154.6941}  |  best_recall=0.3318  best_params={lamb=154.6941}
recall=0.3321  params={lamb=172.5211}  |  best_recall=0.3321  best_params={lamb=172.5211}
recall=0.3348  params={lamb=192.4024}  |  best_recall=0.3348  best_params={lamb=192.4024}
recall=0.3363  params={lamb=214.5749}  |  best_recall=0.3363  best_params={lamb=214.5749}
recall=0.3375  params={lamb=239.3026}  |  best_recall=0.3375  best_params={lamb=239.3026}
recall=0.3366  params={lamb=266.8799}  |  best_recall=0.3375  best_params={lamb=239.3026}
recall=0.3380  params={lamb=297.6351}  |  best_recall=0.3380  best_params={lamb=297.6351}
recall=0.3372  params={lamb=331.9347}  |  best_recall=0.3380  best_params={lamb=297.6351}
recall=0.3383  params={lamb=370.1869}  |  best_recall=0.3383  best_params={lamb=370.1869}
recall=0.3384  params={lamb=412.8473}  |  best_recall=0.3384  best_params={lamb=412.8473}
recall=0.3403  params={lamb=460.4239}  |  best_recall=0.3403  best_params={lamb=460.4239}
recall=0.3415  params={lamb=513.4833}  |  best_recall=0.3415  best_params={lamb=513.4833}
recall=0.3414  params={lamb=572.6572}  |  best_recall=0.3415  best_params={lamb=513.4833}
recall=0.3416  params={lamb=638.6504}  |  best_recall=0.3416  best_params={lamb=638.6504}
recall=0.3443  params={lamb=712.2486}  |  best_recall=0.3443  best_params={lamb=712.2486}
recall=0.3451  params={lamb=794.3282}  |  best_recall=0.3451  best_params={lamb=794.3282}
Search for ease DONE. recall=0.3451 params={lamb=794.3282}
--------------------
recall@10=0.3432 +/- 0.2785
recall@20=0.4811 +/- 0.3021
recall@30=0.5609 +/- 0.2990


RETRAINING ORACLE (TRUE) MODELS WITH THE OPTIMAL HYPERPARAMETERS

Retraining true preferences for pop INIT.
Retraining true preferences for pop DONE.
recall@10=0.2905 +/- 0.1697
recall@20=0.4368 +/- 0.2038
recall@30=0.5204 +/- 0.2151

Retraining true preferences for vae INIT.
Retraining true preferences for vae DONE.
recall@10=0.3142 +/- 0.1691
recall@20=0.4712 +/- 0.1982
recall@30=0.5715 +/- 0.2015

Retraining true preferences for wmf INIT.
Retraining true preferences for wmf DONE.
recall@10=0.3489 +/- 0.1833
recall@20=0.4558 +/- 0.2049
recall@30=0.5364 +/- 0.2121

Retraining true preferences for bpr INIT.
Retraining true preferences for bpr DONE.
recall@10=0.2912 +/- 0.1690
recall@20=0.4380 +/- 0.2022
recall@30=0.5223 +/- 0.2124

Retraining true preferences for ngcf INIT.
Retraining true preferences for ngcf DONE.
recall@10=0.3691 +/- 0.1665
recall@20=0.5393 +/- 0.1768
recall@30=0.6709 +/- 0.1712

Retraining true preferences for ease INIT.
Retraining true preferences for ease DONE.
recall@10=0.2610 +/- 0.1657
recall@20=0.4438 +/- 0.2035
recall@30=0.5614 +/- 0.1980


ESTIMATING PARTIAL UTILITY (BASED ON K GATHERED CHOICES)

Fit 2-items DONE.
Fit 3-items DONE.
Fit 4-items DONE.
Processing data storage with key [y    ]... DONE.
Processing data storage with key [pop  ]... DONE.
Processing data storage with key [vae  ]... DONE.
Processing data storage with key [wmf  ]... DONE.
Processing data storage with key [bpr  ]... DONE.
Processing data storage with key [ngcf ]... DONE.
Processing data storage with key [ease ]... DONE.
Dumped successfully reco artefacts ==> Florence_util.hdf5
DONE!
