Detected script configuration for synthetic awareness set estimation protocol:
util_artefacts_file=out/Rome_util.hdf5 aset_artefacts_file=out/Rome_aset.hdf5 seed=2024 
Processing data storage with key [bpr  ]... DONE.
Processing data storage with key [ease ]... DONE.
Processing data storage with key [ngcf ]... DONE.
Processing data storage with key [pop  ]... DONE.
Processing data storage with key [vae  ]... DONE.
Processing data storage with key [wmf  ]... DONE.
Processing data storage with key [y    ]... DONE.
Loaded successfully reco artefacts <== Rome_util.hdf5

Set recommendation key=bpr as a ground truth of [un]biased preferences
k_pop=4  k_pop_delta=4
-38.273192305953714
-34.03845566771164
-33.72517759636762
-33.648525932390505
-33.62249513013742
-33.611864959349326
-33.60693320876576
-33.604423560122356
-33.603078858757705
-33.602342201620154
-33.60193309686533
-33.601682888463365
-33.60152040616413
-33.601412060366805
-33.60133743613688
Estimated over a population of 3150 users KL: QP_loss=0.039683 PQ_loss=0.024128 chi2_loss=0.040442
Recall|A=0.8724 sd=0.1042  
Recall|J=0.5012 sd=0.1656  
[1.1992869  1.80246373 8.         ... 4.29144164 0.67357749 2.22736817]
quantiles of interest=[0.05, 0.25, 0.5, 0.75, 0.95]
A: [ 8. 10. 12. 18. 31.]
y: [ 5.  6.  9. 15. 29.]
S[probability of consideration > p_choice max]:
[0. 0. 0. 1. 8.]

k_pop=8  k_pop_delta=4
-39.14426571430145
-35.240733595628896
-35.009387886429856
-34.960163835265284
-34.945211105103624
-34.93972952069659
-34.937475277942205
-34.936478694324165
-34.936000776487724
-34.93575706062806
-34.93562624876491
-34.93555278362669
Estimated over a population of 3150 users KL: QP_loss=0.090298 PQ_loss=0.050870 chi2_loss=0.085363
Recall|A=0.7982 sd=0.1321  
Recall|J=0.5012 sd=0.1656  
[1.08232142 2.90586465 8.         ... 3.01173989 0.95649201 3.08595658]
quantiles of interest=[0.05, 0.25, 0.5, 0.75, 0.95]
A: [11. 13. 16. 21. 34.]
y: [ 5.  6.  9. 15. 29.]
S[probability of consideration > p_choice max]:
[0. 0. 0. 1. 3.]

k_pop=12  k_pop_delta=4
-39.86838373110691
-36.221798231847586
-36.03827490251313
-36.00171091708493
-35.9913167049624
-35.987766765805496
-35.98640000986329
-35.98582398689687
-35.98556431269495
-35.985440634823746
-35.98537883715698
Estimated over a population of 3150 users KL: QP_loss=0.128555 PQ_loss=0.073255 chi2_loss=0.124172
Recall|A=0.7459 sd=0.1503  
Recall|J=0.5012 sd=0.1656  
[2.68080661 3.2241806  8.         ... 3.52422818 1.28474214 3.61567722]
quantiles of interest=[0.05, 0.25, 0.5, 0.75, 0.95]
A: [14. 16. 19. 24. 36.]
y: [ 5.  6.  9. 15. 29.]
S[probability of consideration > p_choice max]:
[0. 0. 0. 0. 2.]

k_pop=16  k_pop_delta=4
-40.48553151427147
-37.0446811299363
-36.891747299556066
-36.863279864792815
-36.85556875273784
-36.85305459771851
-36.85212872384677
-36.85175674055297
-36.85159765560258
-36.85152414354506
Estimated over a population of 3150 users KL: QP_loss=0.161866 PQ_loss=0.093064 chi2_loss=0.159972
Recall|A=0.7075 sd=0.1579  
Recall|J=0.5012 sd=0.1656  
[3.19863819 3.36883876 8.         ... 4.33348295 2.19230267 3.64556386]
quantiles of interest=[0.05, 0.25, 0.5, 0.75, 0.95]
A: [17. 19. 22. 26. 38.]
y: [ 5.  6.  9. 15. 29.]
S[probability of consideration > p_choice max]:
[0. 0. 0. 0. 2.]

k_pop=20  k_pop_delta=4
-40.99414008547938
-37.729815945934426
-37.598575717536775
-37.57516066194627
-37.569001065035984
-37.567050884997485
-37.566352809552555
-37.566078950045224
-37.565963487320815
-37.56591185987202
Estimated over a population of 3150 users KL: QP_loss=0.185150 PQ_loss=0.109184 chi2_loss=0.189851
Recall|A=0.6793 sd=0.1637  
Recall|J=0.5012 sd=0.1656  
[3.54237895 3.56668477 8.         ... 4.68519929 2.36273834 3.90941321]
quantiles of interest=[0.05, 0.25, 0.5, 0.75, 0.95]
A: [20. 22. 25. 29. 40.]
y: [ 5.  6.  9. 15. 29.]
S[probability of consideration > p_choice max]:
[0. 0. 0. 0. 2.]


Set recommendation key=ease as a ground truth of [un]biased preferences
k_pop=4  k_pop_delta=4
-56.04601566689983
-34.3617592950416
-34.16756250132963
-34.14335211542622
-34.13723303041222
-34.13508567726595
-34.13409317846415
-34.13356646857382
-34.13326776304266
Estimated over a population of 3150 users KL: QP_loss=0.077258 PQ_loss=0.043296 chi2_loss=0.068913
Recall|A=0.7989 sd=0.1370  
Recall|J=0.3443 sd=0.2103  
[0.27780637 0.         2.06074837 ... 0.56736131 0.59847376 0.66807536]
quantiles of interest=[0.05, 0.25, 0.5, 0.75, 0.95]
A: [ 8. 10. 12. 18. 31.]
y: [ 5.  6.  9. 15. 29.]
S[probability of consideration > p_choice max]:
[  0.     0.     2.    45.25 225.  ]

k_pop=8  k_pop_delta=4
-58.01009151327721
-36.101081786818185
-35.96008705517978
-35.94604031621796
-35.9429903605535
-35.94207945885797
-35.94171407686559
Estimated over a population of 3150 users KL: QP_loss=0.248345 PQ_loss=0.097321 chi2_loss=0.148897
Recall|A=0.6946 sd=0.1763  
Recall|J=0.3443 sd=0.2103  
[0.73723377 0.         3.01231178 ... 0.         0.43828887 1.19296315]
quantiles of interest=[0.05, 0.25, 0.5, 0.75, 0.95]
A: [11. 13. 16. 21. 34.]
y: [ 5.  6.  9. 15. 29.]
S[probability of consideration > p_choice max]:
[  0.   0.   1.   6. 221.]

k_pop=12  k_pop_delta=4
-59.52019025801473
-37.489075856287506
-37.379832867137985
-37.37059280249089
-37.36882627543181
-37.368315178894996
Estimated over a population of 3150 users KL: QP_loss=0.411210 PQ_loss=0.141441 chi2_loss=0.215882
Recall|A=0.6271 sd=0.1932  
Recall|J=0.3443 sd=0.2103  
[0.95020253 0.42967359 3.37496799 ... 1.18482378 1.08263295 0.77850629]
quantiles of interest=[0.05, 0.25, 0.5, 0.75, 0.95]
A: [14. 16. 19. 24. 36.]
y: [ 5.  6.  9. 15. 29.]
S[probability of consideration > p_choice max]:
[  0.   0.   1.   5. 218.]

k_pop=16  k_pop_delta=4
-60.5708777952492
-38.64358022649205
-38.552613601929515
-38.5460348279233
-38.54479379479868
Estimated over a population of 3150 users KL: QP_loss=0.572414 PQ_loss=0.180255 chi2_loss=0.274216
Recall|A=0.5777 sd=0.2033  
Recall|J=0.3443 sd=0.2103  
[1.34582025 0.70799946 3.67272192 ... 1.73112915 1.56232238 1.4432659 ]
quantiles of interest=[0.05, 0.25, 0.5, 0.75, 0.95]
A: [17. 19. 22. 26. 38.]
y: [ 5.  6.  9. 15. 29.]
S[probability of consideration > p_choice max]:
[  0.   0.   1.   4. 215.]

k_pop=20  k_pop_delta=4
-61.441827362645576
-39.62245416518538
-39.543827178194526
-39.53891727965489
-39.53803437025427
Estimated over a population of 3150 users KL: QP_loss=0.675620 PQ_loss=0.209486 chi2_loss=0.320214
Recall|A=0.5401 sd=0.2086  
Recall|J=0.3443 sd=0.2103  
[1.48316053 1.08567296 3.85673237 ... 1.93430645 0.6085619  0.40400411]
quantiles of interest=[0.05, 0.25, 0.5, 0.75, 0.95]
A: [20. 22. 24. 29. 40.]
y: [ 5.  6.  9. 15. 29.]
S[probability of consideration > p_choice max]:
[  0.   0.   1.   3. 212.]


Set recommendation key=ngcf as a ground truth of [un]biased preferences
k_pop=4  k_pop_delta=4
-41.53911391977692
-34.43157087118952
-34.02183697461329
-33.93440351968551
-33.90727637928761
-33.89706468417569
-33.89273778202564
-33.890817940617694
-33.889872879871426
-33.88938085992324
-33.88909893231645
-33.88893028923106
-33.88882286190529
Estimated over a population of 3150 users KL: QP_loss=0.080366 PQ_loss=0.041941 chi2_loss=0.067076
Recall|A=0.8269 sd=0.1177  
Recall|J=0.4274 sd=0.1669  
[1.49375784 1.44939639 8.         ... 3.08522898 0.94833499 1.09409004]
quantiles of interest=[0.05, 0.25, 0.5, 0.75, 0.95]
A: [ 8. 10. 12. 18. 31.]
y: [ 5.  6.  9. 15. 29.]
S[probability of consideration > p_choice max]:
[  0.   0.   0.   2. 221.]

k_pop=8  k_pop_delta=4
-42.636938962868676
-35.90892477303313
-35.57799615970092
-35.51445945024203
-35.49694471450773
-35.49109193770301
-35.4888936412224
-35.487978472519984
-35.48756357854047
-35.487360906675356
-35.48725588152485
Estimated over a population of 3150 users KL: QP_loss=0.168338 PQ_loss=0.083699 chi2_loss=0.133789
Recall|A=0.7384 sd=0.1423  
Recall|J=0.4274 sd=0.1669  
[2.85081    2.27438923 8.         ... 3.39799827 1.534752   1.33320256]
quantiles of interest=[0.05, 0.25, 0.5, 0.75, 0.95]
A: [11. 13. 16. 21. 33.]
y: [ 5.  6.  9. 15. 29.]
S[probability of consideration > p_choice max]:
[  0.    0.    0.    1.  192.1]

k_pop=12  k_pop_delta=4
-43.553944531763335
-37.10146830550327
-36.813661907216826
-36.76175152743159
-36.7483091479219
-36.744173674502925
-36.74274364144354
-36.74219117597689
-36.74195695723704
-36.74184944568367
Estimated over a population of 3150 users KL: QP_loss=0.255996 PQ_loss=0.119346 chi2_loss=0.192727
Recall|A=0.6803 sd=0.1584  
Recall|J=0.4274 sd=0.1669  
[2.46907827 2.56181303 8.         ... 3.35591658 1.73657873 0.43282562]
quantiles of interest=[0.05, 0.25, 0.5, 0.75, 0.95]
A: [14. 16. 19. 24. 36.]
y: [ 5.  6.  9. 15. 29.]
S[probability of consideration > p_choice max]:
[0. 0. 0. 1. 5.]

k_pop=16  k_pop_delta=4
-44.29654358398623
-38.0939776294335
-37.83806564042825
-37.79422398799392
-37.783461371231304
-37.78028057293524
-37.77920609506853
-37.77880500952474
-37.7786415475262
-37.778569550450584
Estimated over a population of 3150 users KL: QP_loss=0.311675 PQ_loss=0.146752 chi2_loss=0.239210
Recall|A=0.6387 sd=0.1650  
Recall|J=0.4274 sd=0.1669  
[2.72427575 2.84623182 8.         ... 3.35963209 2.12581153 1.00769848]
quantiles of interest=[0.05, 0.25, 0.5, 0.75, 0.95]
A: [17. 19. 22. 26. 38.]
y: [ 5.  6.  9. 15. 29.]
S[probability of consideration > p_choice max]:
[0. 0. 0. 1. 4.]

k_pop=20  k_pop_delta=4
-44.949392189211856
-38.936150681866
-38.70367563909102
-38.665516233160275
-38.656480901264935
-38.653900313826654
-38.653054269522755
-38.65274557213257
-38.652622458236735
-38.65256936714173
Estimated over a population of 3150 users KL: QP_loss=0.380185 PQ_loss=0.170747 chi2_loss=0.280827
Recall|A=0.6066 sd=0.1698  
Recall|J=0.4274 sd=0.1669  
[3.03911775 3.22226955 8.         ... 3.28719059 2.64621246 1.06393429]
quantiles of interest=[0.05, 0.25, 0.5, 0.75, 0.95]
A: [20. 22. 24. 29. 41.]
y: [ 5.  6.  9. 15. 29.]
S[probability of consideration > p_choice max]:
[0. 0. 0. 1. 3.]


Set recommendation key=pop as a ground truth of [un]biased preferences
k_pop=4  k_pop_delta=4
-60.70034068052009
-34.34101509864213
-34.19957017549348
-34.19002467586397
-34.18875679942628
Estimated over a population of 3150 users KL: QP_loss=0.167152 PQ_loss=0.065036 chi2_loss=0.096956
Recall|A=0.7665 sd=0.1514  
Recall|J=0.3384 sd=0.1817  
[0.89573988 0.86614041 2.59125608 ... 1.78116033 0.         0.44509423]
quantiles of interest=[0.05, 0.25, 0.5, 0.75, 0.95]
A: [ 8. 10. 12. 18. 31.]
y: [ 5.  6.  9. 15. 29.]
S[probability of consideration > p_choice max]:
[  0.   0.   2. 217. 225.]

k_pop=8  k_pop_delta=4
-62.475420687075435
-36.14704091644188
-36.04507160416038
-36.04009721560119
-36.03959135828122
Estimated over a population of 3150 users KL: QP_loss=0.421548 PQ_loss=0.133446 chi2_loss=0.197822
Recall|A=0.6515 sd=0.1908  
Recall|J=0.3384 sd=0.1817  
[1.43599517 0.95217986 3.94152726 ... 1.38126535 0.15116339 0.        ]
quantiles of interest=[0.05, 0.25, 0.5, 0.75, 0.95]
A: [11. 13. 16. 21. 34.]
y: [ 5.  6.  9. 15. 29.]
S[probability of consideration > p_choice max]:
[  0.   0.   1. 211. 221.]

k_pop=12  k_pop_delta=4
-63.77922046750493
-37.580097332727696
-37.50188340039407
-37.49899396009252
Estimated over a population of 3150 users KL: QP_loss=0.654268 PQ_loss=0.188821 chi2_loss=0.284583
Recall|A=0.5806 sd=0.2040  
Recall|J=0.3384 sd=0.1817  
[1.19213621 1.09351246 3.84923953 ... 1.8934674  0.45787137 0.        ]
quantiles of interest=[0.05, 0.25, 0.5, 0.75, 0.95]
A: [14. 16. 19. 24. 36.]
y: [ 5.  6.  9. 15. 29.]
S[probability of consideration > p_choice max]:
[  0.     0.     1.   205.75 218.  ]

k_pop=16  k_pop_delta=4
-64.76570931513359
-38.77806532569222
-38.712036418605955
-38.70994565390314
Estimated over a population of 3150 users KL: QP_loss=0.876213 PQ_loss=0.233449 chi2_loss=0.357407
Recall|A=0.5338 sd=0.2071  
Recall|J=0.3384 sd=0.1817  
[1.5596724  1.22991589 2.15068214 ... 2.25017961 0.43371038 0.        ]
quantiles of interest=[0.05, 0.25, 0.5, 0.75, 0.95]
A: [17. 19. 22. 26. 38.]
y: [ 5.  6.  9. 15. 29.]
S[probability of consideration > p_choice max]:
[  0.   0.   1. 195. 215.]

k_pop=20  k_pop_delta=4
-65.49889863567627
-39.78824203582136
-39.73018814925272
-39.72868362753336
Estimated over a population of 3150 users KL: QP_loss=1.052753 PQ_loss=0.271423 chi2_loss=0.422075
Recall|A=0.4991 sd=0.2097  
Recall|J=0.3384 sd=0.1817  
[1.73914966 1.47805207 2.45894841 ... 2.0987915  0.57249104 0.        ]
quantiles of interest=[0.05, 0.25, 0.5, 0.75, 0.95]
A: [19. 22. 24. 29. 40.]
y: [ 5.  6.  9. 15. 29.]
S[probability of consideration > p_choice max]:
[  0.     0.     0.   178.75 212.  ]


Set recommendation key=vae as a ground truth of [un]biased preferences
k_pop=4  k_pop_delta=4
-58.36076975162055
-34.18424940579358
-34.070922319517535
-34.06453765452308
-34.06356587718336
Estimated over a population of 3150 users KL: QP_loss=0.039825 PQ_loss=0.030833 chi2_loss=0.053663
Recall|A=0.8271 sd=0.1222  
Recall|J=0.4456 sd=0.1803  
[1.12929362 0.74182278 3.15730656 ... 1.85591939 0.22626015 0.82243891]
quantiles of interest=[0.05, 0.25, 0.5, 0.75, 0.95]
A: [ 8. 10. 12. 18. 31.]
y: [ 5.  6.  9. 15. 29.]
S[probability of consideration > p_choice max]:
[  0.   0.   0.   1. 222.]

k_pop=8  k_pop_delta=4
-59.188947243849576
-35.82357144432563
-35.74326049107565
-35.73951954234678
-35.73897957179227
Estimated over a population of 3150 users KL: QP_loss=0.091224 PQ_loss=0.066802 chi2_loss=0.115556
Recall|A=0.7394 sd=0.1560  
Recall|J=0.4456 sd=0.1803  
[1.2816089  1.13070297 3.75031271 ... 2.34482026 0.15047727 1.33067791]
quantiles of interest=[0.05, 0.25, 0.5, 0.75, 0.95]
A: [11. 13. 16. 21. 34.]
y: [ 5.  6.  9. 15. 29.]
S[probability of consideration > p_choice max]:
[  0.   0.   0.   1. 215.]

k_pop=12  k_pop_delta=4
-59.88948051287677
-37.10667491938174
-37.0432909986311
-37.040731506711914
Estimated over a population of 3150 users KL: QP_loss=0.142726 PQ_loss=0.098043 chi2_loss=0.169330
Recall|A=0.6843 sd=0.1699  
Recall|J=0.4456 sd=0.1803  
[1.66002546 1.27969169 4.09715473 ... 2.50283691 0.63928709 1.61540017]
quantiles of interest=[0.05, 0.25, 0.5, 0.75, 0.95]
A: [14. 16. 19. 24. 36.]
y: [ 5.  6.  9. 15. 29.]
S[probability of consideration > p_choice max]:
[  0.     0.     0.     1.   200.55]

k_pop=16  k_pop_delta=4
-60.436610506853235
-38.16920877841547
-38.11565790367995
-38.11385156112365
Estimated over a population of 3150 users KL: QP_loss=0.181546 PQ_loss=0.124843 chi2_loss=0.216452
Recall|A=0.6443 sd=0.1769  
Recall|J=0.4456 sd=0.1803  
[1.84477352 1.39016074 4.43258732 ... 2.49518649 0.86288489 1.77015877]
quantiles of interest=[0.05, 0.25, 0.5, 0.75, 0.95]
A: [17. 19. 22. 26. 38.]
y: [ 5.  6.  9. 15. 29.]
S[probability of consideration > p_choice max]:
[0. 0. 0. 1. 5.]

k_pop=20  k_pop_delta=4
-60.909944269016066
-39.069667045548115
-39.0231967602888
-39.02180059864674
Estimated over a population of 3150 users KL: QP_loss=0.239734 PQ_loss=0.147357 chi2_loss=0.256034
Recall|A=0.6151 sd=0.1817  
Recall|J=0.4456 sd=0.1803  
[2.09251492 1.51625984 4.73189968 ... 2.72882826 1.23331993 1.81790412]
quantiles of interest=[0.05, 0.25, 0.5, 0.75, 0.95]
A: [20. 22. 24. 29. 40.]
y: [ 5.  6.  9. 15. 29.]
S[probability of consideration > p_choice max]:
[0. 0. 0. 0. 4.]


Set recommendation key=wmf as a ground truth of [un]biased preferences
k_pop=4  k_pop_delta=4
-51.05499926883747
-34.27624520138193
-34.06507955251869
-34.04883760649976
-34.046031651345615
-34.045320618882336
-34.045076103767634
Estimated over a population of 3150 users KL: QP_loss=0.166827 PQ_loss=0.062049 chi2_loss=0.090155
Recall|A=0.8003 sd=0.1272  
Recall|J=0.4559 sd=0.1631  
[1.39809117 0.15201448 4.23723073 ... 0.         0.25145789 0.27252493]
quantiles of interest=[0.05, 0.25, 0.5, 0.75, 0.95]
A: [ 8. 10. 12. 18. 31.]
y: [ 5.  6.  9. 15. 29.]
S[probability of consideration > p_choice max]:
[  0.   0.   0.   2. 223.]

k_pop=8  k_pop_delta=4
-51.91069416574025
-35.927759593747766
-35.75824071096391
-35.7474552580409
-35.74586421065109
-35.74548497047248
Estimated over a population of 3150 users KL: QP_loss=0.396407 PQ_loss=0.121561 chi2_loss=0.176027
Recall|A=0.7110 sd=0.1540  
Recall|J=0.4559 sd=0.1631  
[1.99974956 0.60291182 4.79907828 ... 0.76300655 0.24862529 0.        ]
quantiles of interest=[0.05, 0.25, 0.5, 0.75, 0.95]
A: [11. 13. 16. 21. 34.]
y: [ 5.  6.  9. 15. 29.]
S[probability of consideration > p_choice max]:
[  0.   0.   0.   1. 218.]

k_pop=12  k_pop_delta=4
-52.62899131343846
-37.24885614243679
-37.10253654341688
-37.09438647212903
-37.093322866027734
-37.0930891334012
Estimated over a population of 3150 users KL: QP_loss=0.644455 PQ_loss=0.169271 chi2_loss=0.246980
Recall|A=0.6558 sd=0.1635  
Recall|J=0.4559 sd=0.1631  
[1.88408609 1.13832836 5.28831519 ... 1.45236591 0.74393515 0.        ]
quantiles of interest=[0.05, 0.25, 0.5, 0.75, 0.95]
A: [14. 16. 19. 24. 36.]
y: [ 5.  6.  9. 15. 29.]
S[probability of consideration > p_choice max]:
[  0.   0.   0.   1. 214.]

k_pop=16  k_pop_delta=4
-53.22443838061116
-38.3165529883365
-38.18600397136081
-38.17938455621371
-38.17860487887132
Estimated over a population of 3150 users KL: QP_loss=0.837856 PQ_loss=0.206293 chi2_loss=0.303745
Recall|A=0.6207 sd=0.1665  
Recall|J=0.4559 sd=0.1631  
[2.18474599 1.25473118 5.86239537 ... 2.03764404 1.21201859 0.        ]
quantiles of interest=[0.05, 0.25, 0.5, 0.75, 0.95]
A: [17. 19. 22. 26. 38.]
y: [ 5.  6.  9. 15. 29.]
S[probability of consideration > p_choice max]:
[  0.   0.   0.   1. 210.]

k_pop=20  k_pop_delta=4
-53.732888721146495
-39.21657366121675
-39.097189071850096
-39.0915050363075
-39.0908900523706
Estimated over a population of 3150 users KL: QP_loss=0.986777 PQ_loss=0.236792 chi2_loss=0.351807
Recall|A=0.5934 sd=0.1687  
Recall|J=0.4559 sd=0.1631  
[2.50856958 1.33102014 6.32569025 ... 1.86278892 1.39735329 0.06137831]
quantiles of interest=[0.05, 0.25, 0.5, 0.75, 0.95]
A: [20. 22. 25. 29. 41.]
y: [ 5.  6.  9. 15. 29.]
S[probability of consideration > p_choice max]:
[  0.   0.   0.   0. 206.]

Dumped successfully aset artefacts ==> Rome_aset.hdf5
DONE!
